Arguments: 
  /home/ec2-user/.nvm/versions/node/v10.20.1/bin/node /home/ec2-user/.nvm/versions/node/v10.20.1/bin/yarn add node_modules package-lock

PATH: 
  /home/ec2-user/.nvm/versions/node/v10.20.1/bin:/home/ec2-user/.rvm/gems/ruby-2.6.3/bin:/home/ec2-user/.rvm/gems/ruby-2.6.3@global/bin:/home/ec2-user/.rvm/rubies/ruby-2.6.3/bin:/home/ec2-user/.rvm/gems/ruby-2.6.3/bin:/home/ec2-user/.rvm/gems/ruby-2.6.3@global/bin:/home/ec2-user/.rvm/rubies/ruby-2.6.3/bin:/home/ec2-user/.rvm/gems/ruby-2.6.3/bin:/home/ec2-user/.rvm/gems/ruby-2.6.3@global/bin:/home/ec2-user/.rvm/rubies/ruby-2.6.3/bin:/usr/local/bin:/bin:/usr/bin:/home/ec2-user/.local/bin:/home/ec2-user/bin:/home/ec2-user/.rvm/bin:/usr/local/sbin:/usr/sbin:/sbin:/opt/aws/bin:/usr/local/bin:/home/ec2-user/.local/bin:/home/ec2-user/bin:/home/ec2-user/.rvm/bin:/home/ec2-user/.local/bin:/home/ec2-user/bin:/opt/aws/bin:/usr/local/bin:/home/ec2-user/.local/bin:/home/ec2-user/bin:/home/ec2-user/.rvm/bin:/home/ec2-user/.local/bin:/home/ec2-user/bin

Yarn version: 
  1.22.4

Node version: 
  10.20.1

Platform: 
  linux x64

Trace: 
  Error: https://registry.yarnpkg.com/node_modules: Not found
      at Request.params.callback [as _callback] (/home/ec2-user/.nvm/versions/node/v10.20.1/lib/node_modules/yarn/lib/cli.js:66987:18)
      at Request.self.callback (/home/ec2-user/.nvm/versions/node/v10.20.1/lib/node_modules/yarn/lib/cli.js:140748:22)
      at Request.emit (events.js:198:13)
      at Request.<anonymous> (/home/ec2-user/.nvm/versions/node/v10.20.1/lib/node_modules/yarn/lib/cli.js:141720:10)
      at Request.emit (events.js:198:13)
      at IncomingMessage.<anonymous> (/home/ec2-user/.nvm/versions/node/v10.20.1/lib/node_modules/yarn/lib/cli.js:141642:12)
      at Object.onceWrapper (events.js:286:20)
      at IncomingMessage.emit (events.js:203:15)
      at endReadableNT (_stream_readable.js:1145:12)
      at process._tickCallback (internal/process/next_tick.js:63:19)

npm manifest: 
  No manifest

yarn manifest: 
  No manifest

Lockfile: 
  # THIS IS AN AUTOGENERATED FILE. DO NOT EDIT THIS FILE DIRECTLY.
  # yarn lockfile v1
